#-----------------------------------------------------------
# Vivado v2020.1 (64-bit)
# SW Build 2902540 on Wed May 27 19:54:49 MDT 2020
# IP Build 2902112 on Wed May 27 22:43:36 MDT 2020
# Start of session at: Sun Sep 20 14:13:25 2020
# Process ID: 4784
# Current directory: C:/Users/Gaming PC/Documents/GitHub/ECE474-Project-1/project_1
# Command line: vivado.exe -gui_launcher_event rodinguilauncherevent18904 C:\Users\Gaming PC\Documents\GitHub\ECE474-Project-1\project_1\project_1.xpr
# Log file: C:/Users/Gaming PC/Documents/GitHub/ECE474-Project-1/project_1/vivado.log
# Journal file: C:/Users/Gaming PC/Documents/GitHub/ECE474-Project-1/project_1\vivado.jou
#-----------------------------------------------------------
start_gui
open_project {C:/Users/Gaming PC/Documents/GitHub/ECE474-Project-1/project_1/project_1.xpr}
INFO: [Project 1-313] Project file moved from 'C:/Users/Gaming PC/Desktop/Git Hub/ECE474-Project-1/project_1' since last save.
Scanning sources...
Finished scanning sources
INFO: [IP_Flow 19-234] Refreshing IP repositories
INFO: [IP_Flow 19-1704] No user IP repositories specified
INFO: [IP_Flow 19-2313] Loaded Vivado IP repository 'E:/Vivado/Vivado/2020.1/data/ip'.
update_compile_order -fileset sources_1
export_ip_user_files -of_objects  [get_files {{C:/Users/Gaming PC/Documents/GitHub/ECE474-Project-1/project_1/project_1.srcs/sources_1/new/MAIN.v}}] -no_script -reset -force -quiet
remove_files  {{C:/Users/Gaming PC/Documents/GitHub/ECE474-Project-1/project_1/project_1.srcs/sources_1/new/MAIN.v}}
file delete -force {C:/Users/Gaming PC/Documents/GitHub/ECE474-Project-1/project_1/project_1.srcs/sources_1/new/MAIN.v}
update_compile_order -fileset sources_1
exit
INFO: [Common 17-206] Exiting Vivado at Sun Sep 20 14:14:22 2020...
